

Sun Oct 29 16:26:56 WAT 2023
Entered URL
++++++++++++++++++++++++++++++++++++++++++++++++++
https://github.com/alx-tools/0x00-Fix_My_Code_Challenge/blob/master/4-delete_dnodeint/add_dnodeint_end.c
++++++++++++++++++++++++++++++++++++++++++++++++++
================================================
Cloning https://github.com/alx-tools/0x00-Fix_My_Code_Challenge/blob/master/4-delete_dnodeint/add_dnodeint_end.c...
Filename from repo add_dnodeint_end.c
add_dnodeint_end.c
Local filename add_dnodeint_end.c
================================================




Sun Oct 29 16:27:16 WAT 2023
Entered URL
++++++++++++++++++++++++++++++++++++++++++++++++++
https://github.com/alx-tools/0x00-Fix_My_Code_Challenge/blob/master/4-delete_dnodeint/delete_dnodeint_at_index.c
++++++++++++++++++++++++++++++++++++++++++++++++++
================================================
Cloning https://github.com/alx-tools/0x00-Fix_My_Code_Challenge/blob/master/4-delete_dnodeint/delete_dnodeint_at_index.c...
Filename from repo delete_dnodeint_at_index.c
delete_dnodeint_at_index.c
Local filename delete_dnodeint_at_index.c
================================================




Sun Oct 29 16:27:35 WAT 2023
Entered URL
++++++++++++++++++++++++++++++++++++++++++++++++++
https://github.com/alx-tools/0x00-Fix_My_Code_Challenge/blob/master/4-delete_dnodeint/free_dlistint.c
++++++++++++++++++++++++++++++++++++++++++++++++++
================================================
Cloning https://github.com/alx-tools/0x00-Fix_My_Code_Challenge/blob/master/4-delete_dnodeint/free_dlistint.c...
Filename from repo free_dlistint.c
free_dlistint.c
Local filename free_dlistint.c
================================================




Sun Oct 29 16:28:01 WAT 2023
Entered URL
++++++++++++++++++++++++++++++++++++++++++++++++++
https://github.com/alx-tools/0x00-Fix_My_Code_Challenge/blob/master/4-delete_dnodeint/lists.h
++++++++++++++++++++++++++++++++++++++++++++++++++
================================================
Cloning https://github.com/alx-tools/0x00-Fix_My_Code_Challenge/blob/master/4-delete_dnodeint/lists.h...
Filename from repo lists.h
lists.h
Local filename lists.h
================================================




Sun Oct 29 16:28:23 WAT 2023
Entered URL
++++++++++++++++++++++++++++++++++++++++++++++++++
https://github.com/alx-tools/0x00-Fix_My_Code_Challenge/blob/master/4-delete_dnodeint/main.c
++++++++++++++++++++++++++++++++++++++++++++++++++
================================================
Cloning https://github.com/alx-tools/0x00-Fix_My_Code_Challenge/blob/master/4-delete_dnodeint/main.c...
Filename from repo main.c
main.c
Local filename main.c
================================================




Sun Oct 29 16:28:43 WAT 2023
Entered URL
++++++++++++++++++++++++++++++++++++++++++++++++++
https://github.com/alx-tools/0x00-Fix_My_Code_Challenge/blob/master/4-delete_dnodeint/print_dlistint.c
++++++++++++++++++++++++++++++++++++++++++++++++++
================================================
Cloning https://github.com/alx-tools/0x00-Fix_My_Code_Challenge/blob/master/4-delete_dnodeint/print_dlistint.c...
Filename from repo print_dlistint.c
print_dlistint.c
Local filename print_dlistint.c
================================================


