

================================================
Entered URL
++++++++++++++++++++++++++++++++++++++++++++++++++
https://github.com/alx-tools/0x00-Fix_My_Code_Challenge/blob/master/2-sort.rb
++++++++++++++++++++++++++++++++++++++++++++++++++
================================================




================================================
Enter URL to file to read: Entered URL
++++++++++++++++++++++++++++++++++++++++++++++++++
https://github.com/alx-tools/0x00-Fix_My_Code_Challenge/blob/master/2-sort.rb
++++++++++++++++++++++++++++++++++++++++++++++++++
================================================




Fri Oct 27 11:12:38 WAT 2023
Entered URL
++++++++++++++++++++++++++++++++++++++++++++++++++
https://github.com/alx-tools/0x00-Fix_My_Code_Challenge/blob/master/3-user.py
++++++++++++++++++++++++++++++++++++++++++++++++++
================================================
Cloning https://github.com/alx-tools/0x00-Fix_My_Code_Challenge/blob/master/3-user.py...
Filename from repo 3-user.py
3-user.py
Local filename 3-user.py
================================================




Fri Oct 27 11:21:38 WAT 2023
Entered URL
++++++++++++++++++++++++++++++++++++++++++++++++++
https://github.com/alx-tools/0x00-Fix_My_Code_Challenge/blob/master/3-user.py
++++++++++++++++++++++++++++++++++++++++++++++++++
================================================
Cloning https://github.com/alx-tools/0x00-Fix_My_Code_Challenge/blob/master/3-user.py...
Filename from repo 3-user.py
3-user.py
Local filename 3-user.py
File exists but truncate on file exist option -t was not specified


Fri Oct 27 11:21:43 WAT 2023
Entered URL
++++++++++++++++++++++++++++++++++++++++++++++++++
https://github.com/alx-tools/0x00-Fix_My_Code_Challenge/blob/master/3-user.py
++++++++++++++++++++++++++++++++++++++++++++++++++
================================================
Cloning https://github.com/alx-tools/0x00-Fix_My_Code_Challenge/blob/master/3-user.py...
Filename from repo 3-user.py
3-user.py
Local filename 3-user.py
================================================


